Build started 01/02/2015 8:41:13 AM.
     1>Project "C:\Users\Brian\Documents\GitHub\GameEngine\GameEngine\GameEngine.vcxproj" on node 2 (Build target(s)).
     1>Lib:
         C:\Program Files (x86)\Microsoft Visual Studio 12.0\VC\bin\Lib.exe /OUT:"C:\Users\Brian\Documents\GitHub\GameEngine\Debug\GameEngine.lib" EngineCore.lib SystemGraphicsGlut.lib SystemInputGlut.lib /NOLOGO Debug\gameEngine.obj
         Debug\state.obj
         Debug\stateMachine.obj
         Debug\transform.obj
     1>SystemGraphicsGlut.lib(systemManager.obj) : warning LNK4006: "public: __thiscall GameEngine::SystemManager::SystemManager(void)" (??0SystemManager@GameEngine@@QAE@XZ) already defined in EngineCore.lib(systemManager.obj); second definition ignored
     1>SystemGraphicsGlut.lib(systemManager.obj) : warning LNK4006: "public: virtual __thiscall GameEngine::SystemManager::~SystemManager(void)" (??1SystemManager@GameEngine@@UAE@XZ) already defined in EngineCore.lib(systemManager.obj); second definition ignored
     1>SystemGraphicsGlut.lib(systemManager.obj) : warning LNK4221: This object file does not define any previously undefined public symbols, so it will not be used by any link operation that consumes this library
     1>SystemGraphicsGlut.lib(system.obj) : warning LNK4006: "public: __thiscall GameEngine::System::System(void)" (??0System@GameEngine@@QAE@XZ) already defined in EngineCore.lib(system.obj); second definition ignored
     1>SystemGraphicsGlut.lib(system.obj) : warning LNK4006: "public: virtual __thiscall GameEngine::System::~System(void)" (??1System@GameEngine@@UAE@XZ) already defined in EngineCore.lib(system.obj); second definition ignored
     1>SystemGraphicsGlut.lib(system.obj) : warning LNK4006: "public: virtual void __thiscall GameEngine::System::updateSystem(float)" (?updateSystem@System@GameEngine@@UAEXM@Z) already defined in EngineCore.lib(system.obj); second definition ignored
     1>SystemGraphicsGlut.lib(system.obj) : warning LNK4221: This object file does not define any previously undefined public symbols, so it will not be used by any link operation that consumes this library
     1>SystemGraphicsGlut.lib(entityManager.obj) : warning LNK4006: "public: __thiscall GameEngine::EntityManager::EntityManager(void)" (??0EntityManager@GameEngine@@QAE@XZ) already defined in EngineCore.lib(entityManager.obj); second definition ignored
     1>SystemGraphicsGlut.lib(entityManager.obj) : warning LNK4006: "public: virtual __thiscall GameEngine::EntityManager::~EntityManager(void)" (??1EntityManager@GameEngine@@UAE@XZ) already defined in EngineCore.lib(entityManager.obj); second definition ignored
     1>SystemGraphicsGlut.lib(entityManager.obj) : warning LNK4006: "public: class GameEngine::Entity * __thiscall GameEngine::EntityManager::getEntity(unsigned long)" (?getEntity@EntityManager@GameEngine@@QAEPAVEntity@2@K@Z) already defined in EngineCore.lib(entityManager.obj); second definition ignored
     1>SystemGraphicsGlut.lib(entityManager.obj) : warning LNK4221: This object file does not define any previously undefined public symbols, so it will not be used by any link operation that consumes this library
     1>SystemGraphicsGlut.lib(entity.obj) : warning LNK4006: "public: __thiscall GameEngine::Entity::Entity(void)" (??0Entity@GameEngine@@QAE@XZ) already defined in EngineCore.lib(entity.obj); second definition ignored
     1>SystemGraphicsGlut.lib(entity.obj) : warning LNK4006: "public: virtual __thiscall GameEngine::Entity::~Entity(void)" (??1Entity@GameEngine@@UAE@XZ) already defined in EngineCore.lib(entity.obj); second definition ignored
     1>SystemGraphicsGlut.lib(entity.obj) : warning LNK4006: "public: virtual void __thiscall GameEngine::Entity::destroy(void)" (?destroy@Entity@GameEngine@@UAEXXZ) already defined in EngineCore.lib(entity.obj); second definition ignored
     1>SystemGraphicsGlut.lib(entity.obj) : warning LNK4006: "public: virtual void __thiscall GameEngine::Entity::draw(void)" (?draw@Entity@GameEngine@@UAEXXZ) already defined in EngineCore.lib(entity.obj); second definition ignored
     1>SystemGraphicsGlut.lib(entity.obj) : warning LNK4006: "public: class GameEngine::Component * __thiscall GameEngine::Entity::getComponent(long)" (?getComponent@Entity@GameEngine@@QAEPAVComponent@2@J@Z) already defined in EngineCore.lib(entity.obj); second definition ignored
     1>SystemGraphicsGlut.lib(entity.obj) : warning LNK4006: "public: virtual void __thiscall GameEngine::Entity::init(void)" (?init@Entity@GameEngine@@UAEXXZ) already defined in EngineCore.lib(entity.obj); second definition ignored
     1>SystemGraphicsGlut.lib(entity.obj) : warning LNK4006: "public: void __thiscall GameEngine::Entity::removeComponent(class GameEngine::Component *)" (?removeComponent@Entity@GameEngine@@QAEXPAVComponent@2@@Z) already defined in EngineCore.lib(entity.obj); second definition ignored
     1>SystemGraphicsGlut.lib(entity.obj) : warning LNK4006: "public: virtual void __thiscall GameEngine::Entity::update(float)" (?update@Entity@GameEngine@@UAEXM@Z) already defined in EngineCore.lib(entity.obj); second definition ignored
     1>SystemGraphicsGlut.lib(entity.obj) : warning LNK4221: This object file does not define any previously undefined public symbols, so it will not be used by any link operation that consumes this library
     1>SystemGraphicsGlut.lib(component.obj) : warning LNK4006: "public: __thiscall GameEngine::Component::Component(void)" (??0Component@GameEngine@@QAE@XZ) already defined in EngineCore.lib(component.obj); second definition ignored
     1>SystemGraphicsGlut.lib(component.obj) : warning LNK4006: "public: virtual __thiscall GameEngine::Component::~Component(void)" (??1Component@GameEngine@@UAE@XZ) already defined in EngineCore.lib(component.obj); second definition ignored
     1>SystemGraphicsGlut.lib(component.obj) : warning LNK4006: "public: void __thiscall GameEngine::Component::drawComponent(void)" (?drawComponent@Component@GameEngine@@QAEXXZ) already defined in EngineCore.lib(component.obj); second definition ignored
     1>SystemGraphicsGlut.lib(component.obj) : warning LNK4006: "public: virtual void __thiscall GameEngine::Component::init(void)" (?init@Component@GameEngine@@UAEXXZ) already defined in EngineCore.lib(component.obj); second definition ignored
     1>SystemGraphicsGlut.lib(component.obj) : warning LNK4006: "private: void __thiscall GameEngine::Component::setOwner(class GameEngine::Entity *)" (?setOwner@Component@GameEngine@@AAEXPAVEntity@2@@Z) already defined in EngineCore.lib(component.obj); second definition ignored
     1>SystemGraphicsGlut.lib(component.obj) : warning LNK4006: "public: void __thiscall GameEngine::Component::updateComponent(float)" (?updateComponent@Component@GameEngine@@QAEXM@Z) already defined in EngineCore.lib(component.obj); second definition ignored
     1>SystemGraphicsGlut.lib(component.obj) : warning LNK4221: This object file does not define any previously undefined public symbols, so it will not be used by any link operation that consumes this library
     1>SystemInputGlut.lib(systemManager.obj) : warning LNK4006: "public: __thiscall GameEngine::SystemManager::SystemManager(void)" (??0SystemManager@GameEngine@@QAE@XZ) already defined in EngineCore.lib(systemManager.obj); second definition ignored
     1>SystemInputGlut.lib(systemManager.obj) : warning LNK4006: "public: virtual __thiscall GameEngine::SystemManager::~SystemManager(void)" (??1SystemManager@GameEngine@@UAE@XZ) already defined in EngineCore.lib(systemManager.obj); second definition ignored
     1>SystemInputGlut.lib(systemManager.obj) : warning LNK4221: This object file does not define any previously undefined public symbols, so it will not be used by any link operation that consumes this library
     1>SystemInputGlut.lib(system.obj) : warning LNK4006: "public: __thiscall GameEngine::System::System(void)" (??0System@GameEngine@@QAE@XZ) already defined in EngineCore.lib(system.obj); second definition ignored
     1>SystemInputGlut.lib(system.obj) : warning LNK4006: "public: virtual __thiscall GameEngine::System::~System(void)" (??1System@GameEngine@@UAE@XZ) already defined in EngineCore.lib(system.obj); second definition ignored
     1>SystemInputGlut.lib(system.obj) : warning LNK4006: "public: virtual void __thiscall GameEngine::System::updateSystem(float)" (?updateSystem@System@GameEngine@@UAEXM@Z) already defined in EngineCore.lib(system.obj); second definition ignored
     1>SystemInputGlut.lib(system.obj) : warning LNK4221: This object file does not define any previously undefined public symbols, so it will not be used by any link operation that consumes this library
     1>SystemInputGlut.lib(entityManager.obj) : warning LNK4006: "public: __thiscall GameEngine::EntityManager::EntityManager(void)" (??0EntityManager@GameEngine@@QAE@XZ) already defined in EngineCore.lib(entityManager.obj); second definition ignored
     1>SystemInputGlut.lib(entityManager.obj) : warning LNK4006: "public: virtual __thiscall GameEngine::EntityManager::~EntityManager(void)" (??1EntityManager@GameEngine@@UAE@XZ) already defined in EngineCore.lib(entityManager.obj); second definition ignored
     1>SystemInputGlut.lib(entityManager.obj) : warning LNK4006: "public: class GameEngine::Entity * __thiscall GameEngine::EntityManager::getEntity(unsigned long)" (?getEntity@EntityManager@GameEngine@@QAEPAVEntity@2@K@Z) already defined in EngineCore.lib(entityManager.obj); second definition ignored
     1>SystemInputGlut.lib(entityManager.obj) : warning LNK4221: This object file does not define any previously undefined public symbols, so it will not be used by any link operation that consumes this library
     1>SystemInputGlut.lib(entity.obj) : warning LNK4006: "public: __thiscall GameEngine::Entity::Entity(void)" (??0Entity@GameEngine@@QAE@XZ) already defined in EngineCore.lib(entity.obj); second definition ignored
     1>SystemInputGlut.lib(entity.obj) : warning LNK4006: "public: virtual __thiscall GameEngine::Entity::~Entity(void)" (??1Entity@GameEngine@@UAE@XZ) already defined in EngineCore.lib(entity.obj); second definition ignored
     1>SystemInputGlut.lib(entity.obj) : warning LNK4006: "public: virtual void __thiscall GameEngine::Entity::destroy(void)" (?destroy@Entity@GameEngine@@UAEXXZ) already defined in EngineCore.lib(entity.obj); second definition ignored
     1>SystemInputGlut.lib(entity.obj) : warning LNK4006: "public: virtual void __thiscall GameEngine::Entity::draw(void)" (?draw@Entity@GameEngine@@UAEXXZ) already defined in EngineCore.lib(entity.obj); second definition ignored
     1>SystemInputGlut.lib(entity.obj) : warning LNK4006: "public: class GameEngine::Component * __thiscall GameEngine::Entity::getComponent(long)" (?getComponent@Entity@GameEngine@@QAEPAVComponent@2@J@Z) already defined in EngineCore.lib(entity.obj); second definition ignored
     1>SystemInputGlut.lib(entity.obj) : warning LNK4006: "public: virtual void __thiscall GameEngine::Entity::init(void)" (?init@Entity@GameEngine@@UAEXXZ) already defined in EngineCore.lib(entity.obj); second definition ignored
     1>SystemInputGlut.lib(entity.obj) : warning LNK4006: "public: void __thiscall GameEngine::Entity::removeComponent(class GameEngine::Component *)" (?removeComponent@Entity@GameEngine@@QAEXPAVComponent@2@@Z) already defined in EngineCore.lib(entity.obj); second definition ignored
     1>SystemInputGlut.lib(entity.obj) : warning LNK4006: "public: virtual void __thiscall GameEngine::Entity::update(float)" (?update@Entity@GameEngine@@UAEXM@Z) already defined in EngineCore.lib(entity.obj); second definition ignored
     1>SystemInputGlut.lib(entity.obj) : warning LNK4221: This object file does not define any previously undefined public symbols, so it will not be used by any link operation that consumes this library
     1>SystemInputGlut.lib(component.obj) : warning LNK4006: "public: __thiscall GameEngine::Component::Component(void)" (??0Component@GameEngine@@QAE@XZ) already defined in EngineCore.lib(component.obj); second definition ignored
     1>SystemInputGlut.lib(component.obj) : warning LNK4006: "public: virtual __thiscall GameEngine::Component::~Component(void)" (??1Component@GameEngine@@UAE@XZ) already defined in EngineCore.lib(component.obj); second definition ignored
     1>SystemInputGlut.lib(component.obj) : warning LNK4006: "public: void __thiscall GameEngine::Component::drawComponent(void)" (?drawComponent@Component@GameEngine@@QAEXXZ) already defined in EngineCore.lib(component.obj); second definition ignored
     1>SystemInputGlut.lib(component.obj) : warning LNK4006: "public: virtual void __thiscall GameEngine::Component::init(void)" (?init@Component@GameEngine@@UAEXXZ) already defined in EngineCore.lib(component.obj); second definition ignored
     1>SystemInputGlut.lib(component.obj) : warning LNK4006: "private: void __thiscall GameEngine::Component::setOwner(class GameEngine::Entity *)" (?setOwner@Component@GameEngine@@AAEXPAVEntity@2@@Z) already defined in EngineCore.lib(component.obj); second definition ignored
     1>SystemInputGlut.lib(component.obj) : warning LNK4006: "public: void __thiscall GameEngine::Component::updateComponent(float)" (?updateComponent@Component@GameEngine@@QAEXM@Z) already defined in EngineCore.lib(component.obj); second definition ignored
     1>SystemInputGlut.lib(component.obj) : warning LNK4221: This object file does not define any previously undefined public symbols, so it will not be used by any link operation that consumes this library
         GameEngine.vcxproj -> C:\Users\Brian\Documents\GitHub\GameEngine\Debug\GameEngine.lib
     1>Done Building Project "C:\Users\Brian\Documents\GitHub\GameEngine\GameEngine\GameEngine.vcxproj" (Build target(s)).

Build succeeded.

Time Elapsed 00:00:00.15
