c:\users\100723472\documents\github\gameengine\systeminputglut\debug\sys_inputglut.obj
c:\users\100723472\documents\github\gameengine\systeminputglut\debug\vc110.pdb
c:\users\100723472\documents\github\gameengine\debug\systeminputglut.lib
c:\users\brian\documents\github\gameengine\systeminputglut\debug\vc120.pdb
c:\users\brian\documents\github\gameengine\systeminputglut\debug\vc120.idb
c:\users\brian\documents\github\gameengine\systeminputglut\debug\sys_inputglut.obj
c:\users\brian\documents\github\gameengine\debug\systeminputglut.lib
c:\users\brian\documents\github\gameengine\systeminputglut\debug\cl.command.1.tlog
c:\users\brian\documents\github\gameengine\systeminputglut\debug\cl.read.1.tlog
c:\users\brian\documents\github\gameengine\systeminputglut\debug\cl.write.1.tlog
c:\users\brian\documents\github\gameengine\systeminputglut\debug\lib-link.read.1.tlog
c:\users\brian\documents\github\gameengine\systeminputglut\debug\lib-link.write.1.tlog
c:\users\brian\documents\github\gameengine\systeminputglut\debug\lib.command.1.tlog
c:\users\brian\documents\github\gameengine\systeminputglut\debug\vc110.idb
c:\users\brian\documents\github\gameengine\systeminputglut\debug\vc110.pdb
c:\users\brian\documents\github\gameengine\systeminputglut\debug\systeminputglut.tlog\cl.command.1.tlog
c:\users\brian\documents\github\gameengine\systeminputglut\debug\systeminputglut.tlog\cl.read.1.tlog
c:\users\brian\documents\github\gameengine\systeminputglut\debug\systeminputglut.tlog\cl.write.1.tlog
c:\users\brian\documents\github\gameengine\systeminputglut\debug\systeminputglut.tlog\lib-link.read.1.tlog
c:\users\brian\documents\github\gameengine\systeminputglut\debug\systeminputglut.tlog\lib-link.write.1.tlog
c:\users\brian\documents\github\gameengine\systeminputglut\debug\systeminputglut.tlog\lib.command.1.tlog
