Build started 1/30/2015 12:32:33 PM.
     1>Project "C:\Users\graphic\Documents\GitHub\GameEngine\GlutMain\GlutMain.vcxproj" on node 2 (Build target(s)).
     1>ClCompile:
         C:\Program Files (x86)\Microsoft Visual Studio 11.0\VC\bin\CL.exe /c /ZI /nologo /W3 /WX- /sdl /Od /Oy- /D _MBCS /Gm /EHsc /RTC1 /MDd /GS /fp:precise /Zc:wchar_t /Zc:forScope /Fo"Debug\\" /Fd"Debug\vc110.pdb" /Gd /TP /analyze- /errorReport:prompt main.cpp src\board.cpp src\boarddrawer.cpp src\miningGame.cpp
         miningGame.cpp
         boarddrawer.cpp
         board.cpp
     1>c:\users\graphic\documents\github\gameengine\glutmain\src\board.cpp(22): error C2440: '=' : cannot convert from 'int *' to 'GAME3011_Assignment1::Tile *'
                 Types pointed to are unrelated; conversion requires reinterpret_cast, C-style cast or function-style cast
     1>c:\users\graphic\documents\github\gameengine\glutmain\src\board.cpp(27): warning C4150: deletion of pointer to incomplete type 'GAME3011_Assignment1::Tile'; no destructor called
                 c:\users\graphic\documents\github\gameengine\glutmain\inc\board.h(9) : see declaration of 'GAME3011_Assignment1::Tile'
     1>c:\users\graphic\documents\github\gameengine\glutmain\src\board.cpp(48): error C2036: 'GAME3011_Assignment1::Tile *const ' : unknown size
     1>c:\users\graphic\documents\github\gameengine\glutmain\src\board.cpp(48): error C2440: 'return' : cannot convert from 'GAME3011_Assignment1::Tile' to 'int'
                 Source or target has incomplete type
     1>c:\users\graphic\documents\github\gameengine\glutmain\src\board.cpp(67): error C2036: 'GAME3011_Assignment1::Tile *' : unknown size
     1>c:\users\graphic\documents\github\gameengine\glutmain\src\board.cpp(67): error C2582: 'operator =' function is unavailable in 'GAME3011_Assignment1::Tile'
         main.cpp
         Generating Code...
     1>Done Building Project "C:\Users\graphic\Documents\GitHub\GameEngine\GlutMain\GlutMain.vcxproj" (Build target(s)) -- FAILED.

Build FAILED.

Time Elapsed 00:00:02.29
