c:\users\100723472\documents\github\gameengine\glutmain\debug\board.obj
c:\users\100723472\documents\github\gameengine\glutmain\debug\boarddrawer.obj
c:\users\100723472\documents\github\gameengine\glutmain\debug\vc110.pdb
c:\users\100723472\documents\github\gameengine\glutmain\debug\main.obj
c:\users\100723472\documents\github\gameengine\glutmain\debug\mininggame.obj
c:\users\graphic\documents\github\gameengine\glutmain\debug\main.obj
c:\users\graphic\documents\github\gameengine\glutmain\debug\boarddrawer.obj
c:\users\graphic\documents\github\gameengine\glutmain\debug\mininggame.obj
c:\users\graphic\documents\github\gameengine\glutmain\debug\vc110.pdb
c:\users\100723472\documents\github\gameengine\debug\glutmain.ilk
c:\users\100723472\documents\github\gameengine\debug\glutmain.exe
c:\users\100723472\documents\github\gameengine\debug\glutmain.pdb
c:\users\brian\documents\github\gameengine\glutmain\debug\vc120.pdb
c:\users\brian\documents\github\gameengine\glutmain\debug\vc120.idb
c:\users\brian\documents\github\gameengine\glutmain\debug\main.obj
c:\users\brian\documents\github\gameengine\glutmain\debug\board.obj
c:\users\brian\documents\github\gameengine\glutmain\debug\mininggame.obj
c:\users\brian\documents\github\gameengine\glutmain\debug\tile.obj
c:\users\brian\documents\github\gameengine\debug\glutmain.ilk
c:\users\brian\documents\github\gameengine\debug\glutmain.exe
c:\users\brian\documents\github\gameengine\debug\glutmain.pdb
c:\users\brian\documents\github\gameengine\glutmain\debug\cl.command.1.tlog
c:\users\brian\documents\github\gameengine\glutmain\debug\cl.read.1.tlog
c:\users\brian\documents\github\gameengine\glutmain\debug\cl.write.1.tlog
c:\users\brian\documents\github\gameengine\glutmain\debug\link-cvtres.read.1.tlog
c:\users\brian\documents\github\gameengine\glutmain\debug\link-cvtres.write.1.tlog
c:\users\brian\documents\github\gameengine\glutmain\debug\link-rc.read.1.tlog
c:\users\brian\documents\github\gameengine\glutmain\debug\link-rc.write.1.tlog
c:\users\brian\documents\github\gameengine\glutmain\debug\link.5008-cvtres.read.1.tlog
c:\users\brian\documents\github\gameengine\glutmain\debug\link.5008-cvtres.write.1.tlog
c:\users\brian\documents\github\gameengine\glutmain\debug\link.5008-rc.read.1.tlog
c:\users\brian\documents\github\gameengine\glutmain\debug\link.5008-rc.write.1.tlog
c:\users\brian\documents\github\gameengine\glutmain\debug\link.5008.read.1.tlog
c:\users\brian\documents\github\gameengine\glutmain\debug\link.5008.write.1.tlog
c:\users\brian\documents\github\gameengine\glutmain\debug\link.command.1.tlog
c:\users\brian\documents\github\gameengine\glutmain\debug\link.read.1.tlog
c:\users\brian\documents\github\gameengine\glutmain\debug\link.write.1.tlog
c:\users\brian\documents\github\gameengine\glutmain\debug\vc110.idb
c:\users\brian\documents\github\gameengine\glutmain\debug\vc110.pdb
c:\users\brian\documents\github\gameengine\glutmain\debug\glutmain.tlog\cl.command.1.tlog
c:\users\brian\documents\github\gameengine\glutmain\debug\glutmain.tlog\cl.read.1.tlog
c:\users\brian\documents\github\gameengine\glutmain\debug\glutmain.tlog\cl.write.1.tlog
c:\users\brian\documents\github\gameengine\glutmain\debug\glutmain.tlog\link.command.1.tlog
c:\users\brian\documents\github\gameengine\glutmain\debug\glutmain.tlog\link.read.1.tlog
c:\users\brian\documents\github\gameengine\glutmain\debug\glutmain.tlog\link.write.1.tlog
