c:\users\100723472\documents\github\gameengine\enginecore\debug\component.obj
c:\users\100723472\documents\github\gameengine\enginecore\debug\comp_transform.obj
c:\users\100723472\documents\github\gameengine\enginecore\debug\entity.obj
c:\users\100723472\documents\github\gameengine\enginecore\debug\system.obj
c:\users\100723472\documents\github\gameengine\enginecore\debug\entitymanager.obj
c:\users\100723472\documents\github\gameengine\enginecore\debug\systemmanager.obj
c:\users\100723472\documents\github\gameengine\enginecore\debug\vc110.pdb
c:\users\100723472\documents\github\gameengine\debug\enginecore.lib
c:\users\brian\documents\github\gameengine\enginecore\debug\vc120.pdb
c:\users\brian\documents\github\gameengine\enginecore\debug\vc120.idb
c:\users\brian\documents\github\gameengine\enginecore\debug\component.obj
c:\users\brian\documents\github\gameengine\enginecore\debug\entity.obj
c:\users\brian\documents\github\gameengine\enginecore\debug\entitymanager.obj
c:\users\brian\documents\github\gameengine\enginecore\debug\system.obj
c:\users\brian\documents\github\gameengine\enginecore\debug\systemmanager.obj
c:\users\brian\documents\github\gameengine\debug\enginecore.lib
c:\users\brian\documents\github\gameengine\enginecore\debug\cl.command.1.tlog
c:\users\brian\documents\github\gameengine\enginecore\debug\cl.read.1.tlog
c:\users\brian\documents\github\gameengine\enginecore\debug\cl.write.1.tlog
c:\users\brian\documents\github\gameengine\enginecore\debug\lib-link.read.1.tlog
c:\users\brian\documents\github\gameengine\enginecore\debug\lib-link.write.1.tlog
c:\users\brian\documents\github\gameengine\enginecore\debug\lib.command.1.tlog
c:\users\brian\documents\github\gameengine\enginecore\debug\vc110.idb
c:\users\brian\documents\github\gameengine\enginecore\debug\vc110.pdb
c:\users\brian\documents\github\gameengine\enginecore\debug\enginecore.tlog\cl.command.1.tlog
c:\users\brian\documents\github\gameengine\enginecore\debug\enginecore.tlog\cl.read.1.tlog
c:\users\brian\documents\github\gameengine\enginecore\debug\enginecore.tlog\cl.write.1.tlog
c:\users\brian\documents\github\gameengine\enginecore\debug\enginecore.tlog\lib-link.read.1.tlog
c:\users\brian\documents\github\gameengine\enginecore\debug\enginecore.tlog\lib-link.write.1.tlog
c:\users\brian\documents\github\gameengine\enginecore\debug\enginecore.tlog\lib.command.1.tlog
