Build started 31/01/2015 6:42:33 PM.
     1>Project "C:\Users\Brian\Documents\GitHub\GameEngine\EngineCore\EngineCore.vcxproj" on node 2 (Build target(s)).
     1>ClCompile:
         C:\Program Files (x86)\Microsoft Visual Studio 12.0\VC\bin\CL.exe /c /IC:\Users\Brian\Documents\GitHub\GameEngine\inc /ZI /nologo /W3 /WX- /sdl /Od /Oy- /D _MBCS /Gm /EHsc /RTC1 /MDd /GS /fp:precise /Zc:wchar_t /Zc:forScope /Fo"Debug\\" /Fd"Debug\vc120.pdb" /Gd /TP /analyze- /errorReport:prompt src\component.cpp src\entity.cpp src\entityManager.cpp src\system.cpp src\systemManager.cpp
         component.cpp
         Generating Code...
         Compiling...
         systemManager.cpp
         system.cpp
         entityManager.cpp
         entity.cpp
         Generating Code...
       Lib:
         C:\Program Files (x86)\Microsoft Visual Studio 12.0\VC\bin\Lib.exe /OUT:"C:\Users\Brian\Documents\GitHub\GameEngine\Debug\EngineCore.lib" /NOLOGO Debug\component.obj
         Debug\entity.obj
         Debug\entityManager.obj
         Debug\system.obj
         Debug\systemManager.obj
         EngineCore.vcxproj -> C:\Users\Brian\Documents\GitHub\GameEngine\Debug\EngineCore.lib
     1>Done Building Project "C:\Users\Brian\Documents\GitHub\GameEngine\EngineCore\EngineCore.vcxproj" (Build target(s)).

Build succeeded.

Time Elapsed 00:00:01.98
