c:\users\100723472\documents\github\gameengine\systemgraphicsglut\debug\sys_graphicsglut.obj
c:\users\100723472\documents\github\gameengine\systemgraphicsglut\debug\vc110.pdb
c:\users\100723472\documents\github\gameengine\debug\systemgraphicsglut.lib
c:\users\brian\documents\github\gameengine\systemgraphicsglut\debug\vc120.pdb
c:\users\brian\documents\github\gameengine\systemgraphicsglut\debug\vc120.idb
c:\users\brian\documents\github\gameengine\systemgraphicsglut\debug\sys_graphicsglut.obj
c:\users\brian\documents\github\gameengine\debug\systemgraphicsglut.lib
c:\users\brian\documents\github\gameengine\systemgraphicsglut\debug\cl.command.1.tlog
c:\users\brian\documents\github\gameengine\systemgraphicsglut\debug\cl.read.1.tlog
c:\users\brian\documents\github\gameengine\systemgraphicsglut\debug\cl.write.1.tlog
c:\users\brian\documents\github\gameengine\systemgraphicsglut\debug\lib-link.read.1.tlog
c:\users\brian\documents\github\gameengine\systemgraphicsglut\debug\lib-link.write.1.tlog
c:\users\brian\documents\github\gameengine\systemgraphicsglut\debug\lib.command.1.tlog
c:\users\brian\documents\github\gameengine\systemgraphicsglut\debug\vc110.idb
c:\users\brian\documents\github\gameengine\systemgraphicsglut\debug\vc110.pdb
c:\users\brian\documents\github\gameengine\systemgraphicsglut\debug\systemgr.b4f86f71.tlog\cl.command.1.tlog
c:\users\brian\documents\github\gameengine\systemgraphicsglut\debug\systemgr.b4f86f71.tlog\cl.read.1.tlog
c:\users\brian\documents\github\gameengine\systemgraphicsglut\debug\systemgr.b4f86f71.tlog\cl.write.1.tlog
c:\users\brian\documents\github\gameengine\systemgraphicsglut\debug\systemgr.b4f86f71.tlog\lib-link.read.1.tlog
c:\users\brian\documents\github\gameengine\systemgraphicsglut\debug\systemgr.b4f86f71.tlog\lib-link.write.1.tlog
c:\users\brian\documents\github\gameengine\systemgraphicsglut\debug\systemgr.b4f86f71.tlog\lib.command.1.tlog
