Build started 01/02/2015 10:45:13 AM.
     1>Project "C:\Users\Brian\Documents\GitHub\GameEngine\GlutMain\GlutMain.vcxproj" on node 2 (Build target(s)).
     1>ClCompile:
         C:\Program Files (x86)\Microsoft Visual Studio 12.0\VC\bin\CL.exe /c /Zi /nologo /W3 /WX- /sdl /O2 /Oi /Oy- /GL /D _MBCS /Gm- /EHsc /MD /GS /Gy /fp:precise /Zc:wchar_t /Zc:forScope /Fo"Release\\" /Fd"Release\vc120.pdb" /Gd /TP /analyze- /errorReport:prompt main.cpp src\board.cpp src\gameStates.cpp src\hud.cpp src\miningGame.cpp src\tile.cpp
         main.cpp
         board.cpp
     1>src\board.cpp(207): warning C4305: 'return' : truncation from 'int' to 'bool'
     1>src\board.cpp(439): warning C4244: '=' : conversion from 'double' to 'int', possible loss of data
         gameStates.cpp
         hud.cpp
         miningGame.cpp
     1>src\miningGame.cpp(47): warning C4244: 'argument' : conversion from 'time_t' to 'unsigned int', possible loss of data
         tile.cpp
       Link:
         C:\Program Files (x86)\Microsoft Visual Studio 12.0\VC\bin\link.exe /ERRORREPORT:PROMPT /OUT:"C:\Users\Brian\Documents\GitHub\GameEngine\Release\GlutMain.exe" /NOLOGO GameEngine.lib kernel32.lib user32.lib gdi32.lib winspool.lib comdlg32.lib advapi32.lib shell32.lib ole32.lib oleaut32.lib uuid.lib odbc32.lib odbccp32.lib /MANIFEST /MANIFESTUAC:"level='asInvoker' uiAccess='false'" /manifest:embed /DEBUG /PDB:"C:\Users\Brian\Documents\GitHub\GameEngine\Release\GlutMain.pdb" /OPT:REF /OPT:ICF /LTCG /TLBID:1 /DYNAMICBASE /NXCOMPAT /IMPLIB:"C:\Users\Brian\Documents\GitHub\GameEngine\Release\GlutMain.lib" /MACHINE:X86 /SAFESEH Release\main.obj
         Release\board.obj
         Release\gameStates.obj
         Release\hud.obj
         Release\miningGame.obj
         Release\tile.obj
         Generating code
         Finished generating code
         GlutMain.vcxproj -> C:\Users\Brian\Documents\GitHub\GameEngine\Release\GlutMain.exe
     1>Done Building Project "C:\Users\Brian\Documents\GitHub\GameEngine\GlutMain\GlutMain.vcxproj" (Build target(s)).

Build succeeded.

Time Elapsed 00:00:02.89
